<?xml version="1.0" encoding="UTF-8"?>
<!-- Generated by org.testng.reporters.JUnitReportReporter -->
<testsuite skipped="0" hostname="PP-PC" name="API_PROJECT.com.org.api.weatherget" tests="2" failures="0" timestamp="11 May 2020 23:09:08 GMT" time="19.339" errors="0">
  <testcase name="Test002" time="4.792" classname="API_PROJECT.com.org.api.weatherget"/>
  <testcase name="Test001" time="14.547" classname="API_PROJECT.com.org.api.weatherget"/>
</testsuite> <!-- API_PROJECT.com.org.api.weatherget -->
