<?xml version="1.0" encoding="UTF-8"?>
<!-- Generated by org.testng.reporters.JUnitReportReporter -->
<testsuite skipped="0" hostname="PP-PC" name="API_PROJECT.com.org.api.ApiParameter" tests="2" failures="0" timestamp="10 May 2020 22:37:14 GMT" time="9.198" errors="0">
  <testcase name="Test004" time="1.802" classname="API_PROJECT.com.org.api.ApiParameter"/>
  <testcase name="Test003" time="7.396" classname="API_PROJECT.com.org.api.ApiParameter"/>
</testsuite> <!-- API_PROJECT.com.org.api.ApiParameter -->
