<?xml version="1.0" encoding="UTF-8"?>
<!-- Generated by org.testng.reporters.JUnitReportReporter -->
<testsuite hostname="PP-PC" failures="0" tests="2" name="API_PROJECT.com.org.api.ApiParameter" time="3.633" errors="0" timestamp="11 May 2020 23:27:38 GMT" skipped="0">
  <testcase classname="API_PROJECT.com.org.api.ApiParameter" name="Test004" time="2.083"/>
  <testcase classname="API_PROJECT.com.org.api.ApiParameter" name="Test003" time="1.550"/>
</testsuite> <!-- API_PROJECT.com.org.api.ApiParameter -->
