<?xml version="1.0" encoding="UTF-8"?>
<!-- Generated by org.testng.reporters.JUnitReportReporter -->
<testsuite hostname="PP-PC" failures="0" tests="2" name="API_PROJECT.com.org.api.ApiParameter" time="3.587" errors="0" timestamp="12 May 2020 09:33:19 GMT" skipped="0">
  <testcase classname="API_PROJECT.com.org.api.ApiParameter" name="Test004" time="2.020"/>
  <testcase classname="API_PROJECT.com.org.api.ApiParameter" name="Test003" time="1.567"/>
</testsuite> <!-- API_PROJECT.com.org.api.ApiParameter -->
