<?xml version="1.0" encoding="UTF-8"?>
<!-- Generated by org.testng.reporters.JUnitReportReporter -->
<testsuite hostname="PP-PC" failures="0" tests="2" name="API_PROJECT.com.org.api.weatherget" time="14.865" errors="0" timestamp="12 May 2020 09:33:19 GMT" skipped="0">
  <testcase classname="API_PROJECT.com.org.api.weatherget" name="Test001" time="9.882"/>
  <testcase classname="API_PROJECT.com.org.api.weatherget" name="Test002" time="4.983"/>
</testsuite> <!-- API_PROJECT.com.org.api.weatherget -->
