<?xml version="1.0" encoding="UTF-8"?>
<!-- Generated by org.testng.reporters.JUnitReportReporter -->
<testsuite hostname="PP-PC" failures="0" tests="2" name="API_PROJECT.com.org.api.weatherget" time="27.617" errors="0" timestamp="11 May 2020 23:27:38 GMT" skipped="0">
  <testcase classname="API_PROJECT.com.org.api.weatherget" name="Test001" time="22.550"/>
  <testcase classname="API_PROJECT.com.org.api.weatherget" name="Test002" time="5.067"/>
</testsuite> <!-- API_PROJECT.com.org.api.weatherget -->
